<?xml version="1.0" encoding="UTF-8"?>
<!-- Generated by org.testng.reporters.JUnitReportReporter -->
<testsuite skipped="0" hostname="Admin" name="com.demo.testNG.DataProviderTestNG" tests="5" failures="0" timestamp="31 May 2020 04:09:22 GMT" time="0.063" errors="0">
  <testcase name="test" time="0.006" classname="com.demo.testNG.DataProviderTestNG"/>
  <testcase name="test1" time="0.006" classname="com.demo.testNG.DataProviderTestNG"/>
  <testcase name="test1" time="0.006" classname="com.demo.testNG.DataProviderTestNG"/>
  <testcase name="test1" time="0.016" classname="com.demo.testNG.DataProviderTestNG"/>
  <testcase name="test" time="0.029" classname="com.demo.testNG.DataProviderTestNG"/>
</testsuite> <!-- com.demo.testNG.DataProviderTestNG -->
