<?xml version="1.0" encoding="UTF-8"?>
<!-- Generated by org.testng.reporters.JUnitReportReporter -->
<testsuite skipped="0" hostname="Admin" name="com.demo.testNG.ParametersInTestNg" tests="1" failures="0" timestamp="31 May 2020 05:44:40 GMT" time="0.065" errors="0">
  <testcase name="test1" time="0.065" classname="com.demo.testNG.ParametersInTestNg"/>
</testsuite> <!-- com.demo.testNG.ParametersInTestNg -->
