<?xml version="1.0" encoding="UTF-8"?>
<!-- Generated by org.testng.reporters.JUnitReportReporter -->
<testsuite skipped="0" hostname="Admin" name="com.demo.testNG.PriorityInTestNg" tests="3" failures="0" timestamp="31 May 2020 05:10:32 GMT" time="0.082" errors="0">
  <testcase name="test3" time="0.063" classname="com.demo.testNG.PriorityInTestNg"/>
  <testcase name="test2" time="0.008" classname="com.demo.testNG.PriorityInTestNg"/>
  <testcase name="test1" time="0.011" classname="com.demo.testNG.PriorityInTestNg"/>
</testsuite> <!-- com.demo.testNG.PriorityInTestNg -->
