<?xml version="1.0" encoding="UTF-8"?>
<!-- Generated by org.testng.reporters.JUnitReportReporter -->
<testsuite skipped="0" hostname="Admin" name="com.demo.testNG.BasicAnnotationsTestng" tests="2" failures="0" timestamp="31 May 2020 01:20:58 GMT" time="0.026" errors="0">
  <testcase name="test12" time="0.020" classname="com.demo.testNG.BasicAnnotationsTestng"/>
  <testcase name="test5" time="0.006" classname="com.demo.testNG.BasicAnnotationsTestng"/>
</testsuite> <!-- com.demo.testNG.BasicAnnotationsTestng -->
