<?xml version="1.0" encoding="UTF-8"?>
<!-- Generated by org.testng.reporters.JUnitReportReporter -->
<testsuite skipped="1" hostname="Admin" name="com.demo.testNG.TestRetryFlow" tests="2" failures="0" timestamp="31 May 2020 10:28:11 GMT" time="0.083" errors="0">
  <testcase name="test1" time="0.005" classname="com.demo.testNG.TestRetryFlow"/>
  <testcase name="test1" time="0.078" classname="com.demo.testNG.TestRetryFlow">
    <skipped/>
  </testcase> <!-- test1 -->
</testsuite> <!-- com.demo.testNG.TestRetryFlow -->
