<?xml version="1.0" encoding="UTF-8"?>
<!-- Generated by org.testng.reporters.JUnitReportReporter -->
<testsuite skipped="0" hostname="Admin" name="com.demo.testNG.RunTestThroughTestNGXML" tests="2" failures="0" timestamp="31 May 2020 04:32:28 GMT" time="0.060" errors="0">
  <testcase name="test1" time="0.057" classname="com.demo.testNG.RunTestThroughTestNGXML"/>
  <testcase name="test2" time="0.003" classname="com.demo.testNG.RunTestThroughTestNGXML"/>
</testsuite> <!-- com.demo.testNG.RunTestThroughTestNGXML -->
