<?xml version="1.0" encoding="UTF-8"?>
<!-- Generated by org.testng.reporters.JUnitReportReporter -->
<testsuite skipped="0" hostname="Admin" name="com.demo.testNG.GroupingInTestNg" tests="3" failures="0" timestamp="31 May 2020 04:59:46 GMT" time="0.099" errors="0">
  <testcase name="test2" time="0.005" classname="com.demo.testNG.GroupingInTestNg"/>
  <testcase name="test1" time="0.090" classname="com.demo.testNG.GroupingInTestNg"/>
  <testcase name="test3" time="0.004" classname="com.demo.testNG.GroupingInTestNg"/>
</testsuite> <!-- com.demo.testNG.GroupingInTestNg -->
