<?xml version="1.0" encoding="UTF-8"?>
<!-- Generated by org.testng.reporters.JUnitReportReporter -->
<testsuite skipped="1" hostname="Admin" name="com.demo.testNG.ListnerTestCalss" tests="6" failures="0" timestamp="31 May 2020 08:01:44 GMT" time="0.102" errors="0">
  <testcase name="test2" time="0.006" classname="com.demo.testNG.ListnerTestCalss">
    <skipped/>
  </testcase> <!-- test2 -->
  <testcase name="test1" time="0.062" classname="com.demo.testNG.ListnerTestCalss"/>
  <testcase name="test3" time="0.004" classname="com.demo.testNG.ListnerTestCalss"/>
  <testcase name="test3" time="0.003" classname="com.demo.testNG.ListnerTestCalss"/>
  <testcase name="test3" time="0.004" classname="com.demo.testNG.ListnerTestCalss"/>
  <testcase name="test3" time="0.023" classname="com.demo.testNG.ListnerTestCalss"/>
</testsuite> <!-- com.demo.testNG.ListnerTestCalss -->
